<?xml version="1.0" encoding="UTF-8"?>
<!-- Generated by org.testng.reporters.JUnitReportReporter -->
<testsuite skipped="0" hostname="DESKTOP-FRLCKIF" name="com.crm.qa.testcases.LoginPageTest" tests="3" failures="0" timestamp="03 Jan 2019 04:09:19 GMT" time="115.290" errors="0">
  <testcase name="loginPageTitleTest" time="64.685" classname="com.crm.qa.testcases.LoginPageTest"/>
  <testcase name="crmLogoImageTest" time="17.066" classname="com.crm.qa.testcases.LoginPageTest"/>
  <testcase name="loginTest" time="33.539" classname="com.crm.qa.testcases.LoginPageTest"/>
</testsuite> <!-- com.crm.qa.testcases.LoginPageTest -->
