<?xml version="1.0" encoding="UTF-8"?>
<!-- Generated by org.testng.reporters.JUnitReportReporter -->
<testsuite skipped="0" hostname="DESKTOP-FRLCKIF" name="com.crm.qa.testcases.HomePageTest" tests="3" failures="0" timestamp="03 Jan 2019 04:11:38 GMT" time="98.557" errors="0">
  <testcase name="verifyHomePageTitleTest" time="32.352" classname="com.crm.qa.testcases.HomePageTest"/>
  <testcase name="VerifyUserNameTest" time="29.325" classname="com.crm.qa.testcases.HomePageTest"/>
  <testcase name="VerifyContactLinkTest" time="36.880" classname="com.crm.qa.testcases.HomePageTest"/>
</testsuite> <!-- com.crm.qa.testcases.HomePageTest -->
